# JRE version: Java(TM) SE Runtime Environment (8.0_05-b13) (build 1.8.0_05-b13)
# Java VM: Java HotSpot(TM) 64-Bit Server VM (25.5-b02 mixed mode linux-amd64 compressed oops)
Heap:
 PSYoungGen      total 75776K, used 1435K [0x00000000f5580000, 0x00000000fa080000, 0x0000000100000000)
  eden space 75264K, 1% used [0x00000000f5580000,0x00000000f56e6f10,0x00000000f9f00000)
  from space 512K, 0% used [0x00000000fa000000,0x00000000fa000000,0x00000000fa080000)
  to   space 512K, 0% used [0x00000000f9f80000,0x00000000f9f80000,0x00000000fa000000)
 ParOldGen       total 59904K, used 36658K [0x00000000e0000000, 0x00000000e3a80000, 0x00000000f5580000)
  object space 59904K, 61% used [0x00000000e0000000,0x00000000e23cc988,0x00000000e3a80000)
 Metaspace       used 73387K, capacity 80478K, committed 80768K, reserved 1118208K
  class space    used 9490K, capacity 11562K, committed 11648K, reserved 1048576K
GC Heap History (10 events):
Event: 25010.850 GC heap before
{Heap before GC invocations=856 (full 418):
 PSYoungGen      total 75776K, used 64K [0x00000000f5580000, 0x00000000fa080000, 0x0000000100000000)
  eden space 75264K, 0% used [0x00000000f5580000,0x00000000f5580000,0x00000000f9f00000)
  from space 512K, 12% used [0x00000000fa000000,0x00000000fa010000,0x00000000fa080000)
  to   space 512K, 0% used [0x00000000f9f80000,0x00000000f9f80000,0x00000000fa000000)
 ParOldGen       total 59904K, used 36777K [0x00000000e0000000, 0x00000000e3a80000, 0x00000000f5580000)
  object space 59904K, 61% used [0x00000000e0000000,0x00000000e23ea6f8,0x00000000e3a80000)
 Metaspace       used 73387K, capacity 80478K, committed 80768K, reserved 1118208K
  class space    used 9490K, capacity 11562K, committed 11648K, reserved 1048576K
Event: 25010.912 GC heap after
Heap after GC invocations=856 (full 418):
 PSYoungGen      total 75776K, used 0K [0x00000000f5580000, 0x00000000fa080000, 0x0000000100000000)
  eden space 75264K, 0% used [0x00000000f5580000,0x00000000f5580000,0x00000000f9f00000)
  from space 512K, 0% used [0x00000000fa000000,0x00000000fa000000,0x00000000fa080000)
  to   space 512K, 0% used [0x00000000f9f80000,0x00000000f9f80000,0x00000000fa000000)
 ParOldGen       total 59904K, used 36657K [0x00000000e0000000, 0x00000000e3a80000, 0x00000000f5580000)
  object space 59904K, 61% used [0x00000000e0000000,0x00000000e23cc7d8,0x00000000e3a80000)
 Metaspace       used 73387K, capacity 80478K, committed 80768K, reserved 1118208K
  class space    used 9490K, capacity 11562K, committed 11648K, reserved 1048576K
}
Event: 25070.848 GC heap before
{Heap before GC invocations=857 (full 418):
 PSYoungGen      total 75776K, used 1435K [0x00000000f5580000, 0x00000000fa080000, 0x0000000100000000)
  eden space 75264K, 1% used [0x00000000f5580000,0x00000000f56e6f10,0x00000000f9f00000)
  from space 512K, 0% used [0x00000000fa000000,0x00000000fa000000,0x00000000fa080000)
  to   space 512K, 0% used [0x00000000f9f80000,0x00000000f9f80000,0x00000000fa000000)
 ParOldGen       total 59904K, used 36657K [0x00000000e0000000, 0x00000000e3a80000, 0x00000000f5580000)
  object space 59904K, 61% used [0x00000000e0000000,0x00000000e23cc7d8,0x00000000e3a80000)
 Metaspace       used 73387K, capacity 80478K, committed 80768K, reserved 1118208K
  class space    used 9490K, capacity 11562K, committed 11648K, reserved 1048576K
Event: 25070.857 GC heap after
Heap after GC invocations=857 (full 418):
 PSYoungGen      total 75776K, used 32K [0x00000000f5580000, 0x00000000fa080000, 0x0000000100000000)
  eden space 75264K, 0% used [0x00000000f5580000,0x00000000f5580000,0x00000000f9f00000)
  from space 512K, 6% used [0x00000000f9f80000,0x00000000f9f88000,0x00000000fa000000)
  to   space 512K, 0% used [0x00000000fa000000,0x00000000fa000000,0x00000000fa080000)
 ParOldGen       total 59904K, used 36657K [0x00000000e0000000, 0x00000000e3a80000, 0x00000000f5580000)
  object space 59904K, 61% used [0x00000000e0000000,0x00000000e23cc7d8,0x00000000e3a80000)
 Metaspace       used 73387K, capacity 80478K, committed 80768K, reserved 1118208K
  class space    used 9490K, capacity 11562K, committed 11648K, reserved 1048576K
}
Event: 25070.857 GC heap before
{Heap before GC invocations=858 (full 419):
 PSYoungGen      total 75776K, used 32K [0x00000000f5580000, 0x00000000fa080000, 0x0000000100000000)
  eden space 75264K, 0% used [0x00000000f5580000,0x00000000f5580000,0x00000000f9f00000)
  from space 512K, 6% used [0x00000000f9f80000,0x00000000f9f88000,0x00000000fa000000)
  to   space 512K, 0% used [0x00000000fa000000,0x00000000fa000000,0x00000000fa080000)
 ParOldGen       total 59904K, used 36657K [0x00000000e0000000, 0x00000000e3a80000, 0x00000000f5580000)
  object space 59904K, 61% used [0x00000000e0000000,0x00000000e23cc7d8,0x00000000e3a80000)
 Metaspace       used 73387K, capacity 80478K, committed 80768K, reserved 1118208K
  class space    used 9490K, capacity 11562K, committed 11648K, reserved 1048576K
Event: 25070.920 GC heap after
Heap after GC invocations=858 (full 419):
 PSYoungGen      total 75776K, used 0K [0x00000000f5580000, 0x00000000fa080000, 0x0000000100000000)
  eden space 75264K, 0% used [0x00000000f5580000,0x00000000f5580000,0x00000000f9f00000)
  from space 512K, 0% used [0x00000000f9f80000,0x00000000f9f80000,0x00000000fa000000)
  to   space 512K, 0% used [0x00000000fa000000,0x00000000fa000000,0x00000000fa080000)
 ParOldGen       total 59904K, used 36657K [0x00000000e0000000, 0x00000000e3a80000, 0x00000000f5580000)
  object space 59904K, 61% used [0x00000000e0000000,0x00000000e23cc768,0x00000000e3a80000)
 Metaspace       used 73387K, capacity 80478K, committed 80768K, reserved 1118208K
  class space    used 9490K, capacity 11562K, committed 11648K, reserved 1048576K
}
Event: 25130.848 GC heap before
{Heap before GC invocations=859 (full 419):
 PSYoungGen      total 75776K, used 1686K [0x00000000f5580000, 0x00000000fa080000, 0x0000000100000000)
  eden space 75264K, 2% used [0x00000000f5580000,0x00000000f5725ab0,0x00000000f9f00000)
  from space 512K, 0% used [0x00000000f9f80000,0x00000000f9f80000,0x00000000fa000000)
  to   space 512K, 0% used [0x00000000fa000000,0x00000000fa000000,0x00000000fa080000)
 ParOldGen       total 59904K, used 36657K [0x00000000e0000000, 0x00000000e3a80000, 0x00000000f5580000)
  object space 59904K, 61% used [0x00000000e0000000,0x00000000e23cc768,0x00000000e3a80000)
 Metaspace       used 73387K, capacity 80478K, committed 80768K, reserved 1118208K
  class space    used 9490K, capacity 11562K, committed 11648K, reserved 1048576K
Event: 25130.850 GC heap after
Heap after GC invocations=859 (full 419):
 PSYoungGen      total 75776K, used 128K [0x00000000f5580000, 0x00000000fa080000, 0x0000000100000000)
  eden space 75264K, 0% used [0x00000000f5580000,0x00000000f5580000,0x00000000f9f00000)
  from space 512K, 25% used [0x00000000fa000000,0x00000000fa020000,0x00000000fa080000)
  to   space 512K, 0% used [0x00000000f9f80000,0x00000000f9f80000,0x00000000fa000000)
 ParOldGen       total 59904K, used 36657K [0x00000000e0000000, 0x00000000e3a80000, 0x00000000f5580000)
  object space 59904K, 61% used [0x00000000e0000000,0x00000000e23cc768,0x00000000e3a80000)
 Metaspace       used 73387K, capacity 80478K, committed 80768K, reserved 1118208K
  class space    used 9490K, capacity 11562K, committed 11648K, reserved 1048576K
}
Event: 25130.850 GC heap before
{Heap before GC invocations=860 (full 420):
 PSYoungGen      total 75776K, used 128K [0x00000000f5580000, 0x00000000fa080000, 0x0000000100000000)
  eden space 75264K, 0% used [0x00000000f5580000,0x00000000f5580000,0x00000000f9f00000)
  from space 512K, 25% used [0x00000000fa000000,0x00000000fa020000,0x00000000fa080000)
  to   space 512K, 0% used [0x00000000f9f80000,0x00000000f9f80000,0x00000000fa000000)
 ParOldGen       total 59904K, used 36657K [0x00000000e0000000, 0x00000000e3a80000, 0x00000000f5580000)
  object space 59904K, 61% used [0x00000000e0000000,0x00000000e23cc768,0x00000000e3a80000)
 Metaspace       used 73387K, capacity 80478K, committed 80768K, reserved 1118208K
  class space    used 9490K, capacity 11562K, committed 11648K, reserved 1048576K
Event: 25130.911 GC heap after
Heap after GC invocations=860 (full 420):
 PSYoungGen      total 75776K, used 0K [0x00000000f5580000, 0x00000000fa080000, 0x0000000100000000)
  eden space 75264K, 0% used [0x00000000f5580000,0x00000000f5580000,0x00000000f9f00000)
  from space 512K, 0% used [0x00000000fa000000,0x00000000fa000000,0x00000000fa080000)
  to   space 512K, 0% used [0x00000000f9f80000,0x00000000f9f80000,0x00000000fa000000)
 ParOldGen       total 59904K, used 36658K [0x00000000e0000000, 0x00000000e3a80000, 0x00000000f5580000)
  object space 59904K, 61% used [0x00000000e0000000,0x00000000e23cc988,0x00000000e3a80000)
 Metaspace       used 73387K, capacity 80478K, committed 80768K, reserved 1118208K
  class space    used 9490K, capacity 11562K, committed 11648K, reserved 1048576K
}

