# JRE version: Java(TM) SE Runtime Environment (8.0_05-b13) (build 1.8.0_05-b13)
# Java VM: Java HotSpot(TM) 64-Bit Server VM (25.5-b02 mixed mode linux-amd64 compressed oops)
Heap:
 PSYoungGen      total 65024K, used 48850K [0x00000000f5580000, 0x00000000fa180000, 0x0000000100000000)
  eden space 59904K, 73% used [0x00000000f5580000,0x00000000f803ca90,0x00000000f9000000)
  from space 5120K, 99% used [0x00000000f9c80000,0x00000000fa177e20,0x00000000fa180000)
  to   space 8192K, 0% used [0x00000000f9180000,0x00000000f9180000,0x00000000f9980000)
 ParOldGen       total 58880K, used 48183K [0x00000000e0000000, 0x00000000e3980000, 0x00000000f5580000)
  object space 58880K, 81% used [0x00000000e0000000,0x00000000e2f0dcc0,0x00000000e3980000)
 Metaspace       used 89980K, capacity 97362K, committed 97536K, reserved 1132544K
  class space    used 11276K, capacity 13532K, committed 13568K, reserved 1048576K
GC Heap History (10 events):
Event: 7340.406 GC heap before
{Heap before GC invocations=261 (full 115):
 PSYoungGen      total 74752K, used 74735K [0x00000000f5580000, 0x00000000fa500000, 0x0000000100000000)
  eden space 71168K, 100% used [0x00000000f5580000,0x00000000f9b00000,0x00000000f9b00000)
  from space 3584K, 99% used [0x00000000f9b00000,0x00000000f9e7be58,0x00000000f9e80000)
  to   space 4608K, 0% used [0x00000000fa080000,0x00000000fa080000,0x00000000fa500000)
 ParOldGen       total 58880K, used 48043K [0x00000000e0000000, 0x00000000e3980000, 0x00000000f5580000)
  object space 58880K, 81% used [0x00000000e0000000,0x00000000e2eeae28,0x00000000e3980000)
 Metaspace       used 89177K, capacity 96470K, committed 96768K, reserved 1132544K
  class space    used 11250K, capacity 13496K, committed 13568K, reserved 1048576K
Event: 7340.411 GC heap after
Heap after GC invocations=261 (full 115):
 PSYoungGen      total 75776K, used 4602K [0x00000000f5580000, 0x00000000fa680000, 0x0000000100000000)
  eden space 71168K, 0% used [0x00000000f5580000,0x00000000f5580000,0x00000000f9b00000)
  from space 4608K, 99% used [0x00000000fa080000,0x00000000fa4fe950,0x00000000fa500000)
  to   space 5632K, 0% used [0x00000000f9b00000,0x00000000f9b00000,0x00000000fa080000)
 ParOldGen       total 58880K, used 48103K [0x00000000e0000000, 0x00000000e3980000, 0x00000000f5580000)
  object space 58880K, 81% used [0x00000000e0000000,0x00000000e2ef9cc0,0x00000000e3980000)
 Metaspace       used 89177K, capacity 96470K, committed 96768K, reserved 1132544K
  class space    used 11250K, capacity 13496K, committed 13568K, reserved 1048576K
}
Event: 7373.781 GC heap before
{Heap before GC invocations=262 (full 115):
 PSYoungGen      total 75776K, used 75770K [0x00000000f5580000, 0x00000000fa680000, 0x0000000100000000)
  eden space 71168K, 100% used [0x00000000f5580000,0x00000000f9b00000,0x00000000f9b00000)
  from space 4608K, 99% used [0x00000000fa080000,0x00000000fa4fe950,0x00000000fa500000)
  to   space 5632K, 0% used [0x00000000f9b00000,0x00000000f9b00000,0x00000000fa080000)
 ParOldGen       total 58880K, used 48103K [0x00000000e0000000, 0x00000000e3980000, 0x00000000f5580000)
  object space 58880K, 81% used [0x00000000e0000000,0x00000000e2ef9cc0,0x00000000e3980000)
 Metaspace       used 89533K, capacity 96956K, committed 97280K, reserved 1132544K
  class space    used 11271K, capacity 13529K, committed 13568K, reserved 1048576K
Event: 7373.785 GC heap after
Heap after GC invocations=262 (full 115):
 PSYoungGen      total 73728K, used 5132K [0x00000000f5580000, 0x00000000fa500000, 0x0000000100000000)
  eden space 68096K, 0% used [0x00000000f5580000,0x00000000f5580000,0x00000000f9800000)
  from space 5632K, 91% used [0x00000000f9b00000,0x00000000fa0032c8,0x00000000fa080000)
  to   space 4608K, 0% used [0x00000000fa080000,0x00000000fa080000,0x00000000fa500000)
 ParOldGen       total 58880K, used 48111K [0x00000000e0000000, 0x00000000e3980000, 0x00000000f5580000)
  object space 58880K, 81% used [0x00000000e0000000,0x00000000e2efbcc0,0x00000000e3980000)
 Metaspace       used 89533K, capacity 96956K, committed 97280K, reserved 1132544K
  class space    used 11271K, capacity 13529K, committed 13568K, reserved 1048576K
}
Event: 7406.336 GC heap before
{Heap before GC invocations=263 (full 115):
 PSYoungGen      total 73728K, used 73228K [0x00000000f5580000, 0x00000000fa500000, 0x0000000100000000)
  eden space 68096K, 100% used [0x00000000f5580000,0x00000000f9800000,0x00000000f9800000)
  from space 5632K, 91% used [0x00000000f9b00000,0x00000000fa0032c8,0x00000000fa080000)
  to   space 4608K, 0% used [0x00000000fa080000,0x00000000fa080000,0x00000000fa500000)
 ParOldGen       total 58880K, used 48111K [0x00000000e0000000, 0x00000000e3980000, 0x00000000f5580000)
  object space 58880K, 81% used [0x00000000e0000000,0x00000000e2efbcc0,0x00000000e3980000)
 Metaspace       used 89740K, capacity 97090K, committed 97280K, reserved 1132544K
  class space    used 11273K, capacity 13530K, committed 13568K, reserved 1048576K
Event: 7406.340 GC heap after
Heap after GC invocations=263 (full 115):
 PSYoungGen      total 69632K, used 4578K [0x00000000f5580000, 0x00000000fa500000, 0x0000000100000000)
  eden space 65024K, 0% used [0x00000000f5580000,0x00000000f5580000,0x00000000f9500000)
  from space 4608K, 99% used [0x00000000fa080000,0x00000000fa4f8a40,0x00000000fa500000)
  to   space 7168K, 0% used [0x00000000f9700000,0x00000000f9700000,0x00000000f9e00000)
 ParOldGen       total 58880K, used 48167K [0x00000000e0000000, 0x00000000e3980000, 0x00000000f5580000)
  object space 58880K, 81% used [0x00000000e0000000,0x00000000e2f09cc0,0x00000000e3980000)
 Metaspace       used 89740K, capacity 97090K, committed 97280K, reserved 1132544K
  class space    used 11273K, capacity 13530K, committed 13568K, reserved 1048576K
}
Event: 7825.068 GC heap before
{Heap before GC invocations=264 (full 115):
 PSYoungGen      total 69632K, used 69602K [0x00000000f5580000, 0x00000000fa500000, 0x0000000100000000)
  eden space 65024K, 100% used [0x00000000f5580000,0x00000000f9500000,0x00000000f9500000)
  from space 4608K, 99% used [0x00000000fa080000,0x00000000fa4f8a40,0x00000000fa500000)
  to   space 7168K, 0% used [0x00000000f9700000,0x00000000f9700000,0x00000000f9e00000)
 ParOldGen       total 58880K, used 48167K [0x00000000e0000000, 0x00000000e3980000, 0x00000000f5580000)
  object space 58880K, 81% used [0x00000000e0000000,0x00000000e2f09cc0,0x00000000e3980000)
 Metaspace       used 89848K, capacity 97298K, committed 97536K, reserved 1132544K
  class space    used 11274K, capacity 13532K, committed 13568K, reserved 1048576K
Event: 7825.078 GC heap after
Heap after GC invocations=264 (full 115):
 PSYoungGen      total 68096K, used 5352K [0x00000000f5580000, 0x00000000fa180000, 0x0000000100000000)
  eden space 62464K, 0% used [0x00000000f5580000,0x00000000f5580000,0x00000000f9280000)
  from space 5632K, 95% used [0x00000000f9700000,0x00000000f9c3a010,0x00000000f9c80000)
  to   space 5120K, 0% used [0x00000000f9c80000,0x00000000f9c80000,0x00000000fa180000)
 ParOldGen       total 58880K, used 48175K [0x00000000e0000000, 0x00000000e3980000, 0x00000000f5580000)
  object space 58880K, 81% used [0x00000000e0000000,0x00000000e2f0bcc0,0x00000000e3980000)
 Metaspace       used 89848K, capacity 97298K, committed 97536K, reserved 1132544K
  class space    used 11274K, capacity 13532K, committed 13568K, reserved 1048576K
}
Event: 7825.766 GC heap before
{Heap before GC invocations=265 (full 115):
 PSYoungGen      total 68096K, used 67816K [0x00000000f5580000, 0x00000000fa180000, 0x0000000100000000)
  eden space 62464K, 100% used [0x00000000f5580000,0x00000000f9280000,0x00000000f9280000)
  from space 5632K, 95% used [0x00000000f9700000,0x00000000f9c3a010,0x00000000f9c80000)
  to   space 5120K, 0% used [0x00000000f9c80000,0x00000000f9c80000,0x00000000fa180000)
 ParOldGen       total 58880K, used 48175K [0x00000000e0000000, 0x00000000e3980000, 0x00000000f5580000)
  object space 58880K, 81% used [0x00000000e0000000,0x00000000e2f0bcc0,0x00000000e3980000)
 Metaspace       used 89877K, capacity 97298K, committed 97536K, reserved 1132544K
  class space    used 11274K, capacity 13532K, committed 13568K, reserved 1048576K
Event: 7825.772 GC heap after
Heap after GC invocations=265 (full 115):
 PSYoungGen      total 65024K, used 5087K [0x00000000f5580000, 0x00000000fa180000, 0x0000000100000000)
  eden space 59904K, 0% used [0x00000000f5580000,0x00000000f5580000,0x00000000f9000000)
  from space 5120K, 99% used [0x00000000f9c80000,0x00000000fa177e20,0x00000000fa180000)
  to   space 8192K, 0% used [0x00000000f9180000,0x00000000f9180000,0x00000000f9980000)
 ParOldGen       total 58880K, used 48183K [0x00000000e0000000, 0x00000000e3980000, 0x00000000f5580000)
  object space 58880K, 81% used [0x00000000e0000000,0x00000000e2f0dcc0,0x00000000e3980000)
 Metaspace       used 89877K, capacity 97298K, committed 97536K, reserved 1132544K
  class space    used 11274K, capacity 13532K, committed 13568K, reserved 1048576K
}

