# JRE version: Java(TM) SE Runtime Environment (8.0_05-b13) (build 1.8.0_05-b13)
# Java VM: Java HotSpot(TM) 64-Bit Server VM (25.5-b02 mixed mode linux-amd64 compressed oops)
Heap:
 def new generation   total 230848K, used 90766K [0x00000000a2400000, 0x00000000b1e70000, 0x00000000c1800000)
  eden space 205248K,  44% used [0x00000000a2400000, 0x00000000a7ca3988, 0x00000000aec70000)
  from space 25600K,   0% used [0x00000000aec70000, 0x00000000aec70000, 0x00000000b0570000)
  to   space 25600K,   0% used [0x00000000b0570000, 0x00000000b0570000, 0x00000000b1e70000)
 tenured generation   total 512768K, used 53740K [0x00000000c1800000, 0x00000000e0cc0000, 0x0000000100000000)
   the space 512768K,  10% used [0x00000000c1800000, 0x00000000c4c7b340, 0x00000000c4c7b400, 0x00000000e0cc0000)
 Metaspace       used 47915K, capacity 49080K, committed 49408K, reserved 1091584K
  class space    used 6585K, capacity 6790K, committed 6912K, reserved 1048576K
GC Heap History (10 events):
Event: 23227.606 GC heap before
{Heap before GC invocations=210 (full 2):
 def new generation   total 230848K, used 205248K [0x00000000a2400000, 0x00000000b1e70000, 0x00000000c1800000)
  eden space 205248K, 100% used [0x00000000a2400000, 0x00000000aec70000, 0x00000000aec70000)
  from space 25600K,   0% used [0x00000000b0570000, 0x00000000b0570000, 0x00000000b1e70000)
  to   space 25600K,   0% used [0x00000000aec70000, 0x00000000aec70000, 0x00000000b0570000)
 tenured generation   total 512768K, used 53740K [0x00000000c1800000, 0x00000000e0cc0000, 0x0000000100000000)
   the space 512768K,  10% used [0x00000000c1800000, 0x00000000c4c7b340, 0x00000000c4c7b400, 0x00000000e0cc0000)
 Metaspace       used 47915K, capacity 49080K, committed 49408K, reserved 1091584K
  class space    used 6585K, capacity 6790K, committed 6912K, reserved 1048576K
Event: 23227.608 GC heap after
Heap after GC invocations=211 (full 2):
 def new generation   total 230848K, used 0K [0x00000000a2400000, 0x00000000b1e70000, 0x00000000c1800000)
  eden space 205248K,   0% used [0x00000000a2400000, 0x00000000a2400000, 0x00000000aec70000)
  from space 25600K,   0% used [0x00000000aec70000, 0x00000000aec70000, 0x00000000b0570000)
  to   space 25600K,   0% used [0x00000000b0570000, 0x00000000b0570000, 0x00000000b1e70000)
 tenured generation   total 512768K, used 53740K [0x00000000c1800000, 0x00000000e0cc0000, 0x0000000100000000)
   the space 512768K,  10% used [0x00000000c1800000, 0x00000000c4c7b340, 0x00000000c4c7b400, 0x00000000e0cc0000)
 Metaspace       used 47915K, capacity 49080K, committed 49408K, reserved 1091584K
  class space    used 6585K, capacity 6790K, committed 6912K, reserved 1048576K
}
Event: 23693.584 GC heap before
{Heap before GC invocations=211 (full 2):
 def new generation   total 230848K, used 205248K [0x00000000a2400000, 0x00000000b1e70000, 0x00000000c1800000)
  eden space 205248K, 100% used [0x00000000a2400000, 0x00000000aec70000, 0x00000000aec70000)
  from space 25600K,   0% used [0x00000000aec70000, 0x00000000aec70000, 0x00000000b0570000)
  to   space 25600K,   0% used [0x00000000b0570000, 0x00000000b0570000, 0x00000000b1e70000)
 tenured generation   total 512768K, used 53740K [0x00000000c1800000, 0x00000000e0cc0000, 0x0000000100000000)
   the space 512768K,  10% used [0x00000000c1800000, 0x00000000c4c7b340, 0x00000000c4c7b400, 0x00000000e0cc0000)
 Metaspace       used 47915K, capacity 49080K, committed 49408K, reserved 1091584K
  class space    used 6585K, capacity 6790K, committed 6912K, reserved 1048576K
Event: 23693.587 GC heap after
Heap after GC invocations=212 (full 2):
 def new generation   total 230848K, used 0K [0x00000000a2400000, 0x00000000b1e70000, 0x00000000c1800000)
  eden space 205248K,   0% used [0x00000000a2400000, 0x00000000a2400000, 0x00000000aec70000)
  from space 25600K,   0% used [0x00000000b0570000, 0x00000000b0570000, 0x00000000b1e70000)
  to   space 25600K,   0% used [0x00000000aec70000, 0x00000000aec70000, 0x00000000b0570000)
 tenured generation   total 512768K, used 53740K [0x00000000c1800000, 0x00000000e0cc0000, 0x0000000100000000)
   the space 512768K,  10% used [0x00000000c1800000, 0x00000000c4c7b340, 0x00000000c4c7b400, 0x00000000e0cc0000)
 Metaspace       used 47915K, capacity 49080K, committed 49408K, reserved 1091584K
  class space    used 6585K, capacity 6790K, committed 6912K, reserved 1048576K
}
Event: 24159.697 GC heap before
{Heap before GC invocations=212 (full 2):
 def new generation   total 230848K, used 205248K [0x00000000a2400000, 0x00000000b1e70000, 0x00000000c1800000)
  eden space 205248K, 100% used [0x00000000a2400000, 0x00000000aec70000, 0x00000000aec70000)
  from space 25600K,   0% used [0x00000000b0570000, 0x00000000b0570000, 0x00000000b1e70000)
  to   space 25600K,   0% used [0x00000000aec70000, 0x00000000aec70000, 0x00000000b0570000)
 tenured generation   total 512768K, used 53740K [0x00000000c1800000, 0x00000000e0cc0000, 0x0000000100000000)
   the space 512768K,  10% used [0x00000000c1800000, 0x00000000c4c7b340, 0x00000000c4c7b400, 0x00000000e0cc0000)
 Metaspace       used 47915K, capacity 49080K, committed 49408K, reserved 1091584K
  class space    used 6585K, capacity 6790K, committed 6912K, reserved 1048576K
Event: 24159.700 GC heap after
Heap after GC invocations=213 (full 2):
 def new generation   total 230848K, used 0K [0x00000000a2400000, 0x00000000b1e70000, 0x00000000c1800000)
  eden space 205248K,   0% used [0x00000000a2400000, 0x00000000a2400000, 0x00000000aec70000)
  from space 25600K,   0% used [0x00000000aec70000, 0x00000000aec70000, 0x00000000b0570000)
  to   space 25600K,   0% used [0x00000000b0570000, 0x00000000b0570000, 0x00000000b1e70000)
 tenured generation   total 512768K, used 53740K [0x00000000c1800000, 0x00000000e0cc0000, 0x0000000100000000)
   the space 512768K,  10% used [0x00000000c1800000, 0x00000000c4c7b340, 0x00000000c4c7b400, 0x00000000e0cc0000)
 Metaspace       used 47915K, capacity 49080K, committed 49408K, reserved 1091584K
  class space    used 6585K, capacity 6790K, committed 6912K, reserved 1048576K
}
Event: 24625.793 GC heap before
{Heap before GC invocations=213 (full 2):
 def new generation   total 230848K, used 205248K [0x00000000a2400000, 0x00000000b1e70000, 0x00000000c1800000)
  eden space 205248K, 100% used [0x00000000a2400000, 0x00000000aec70000, 0x00000000aec70000)
  from space 25600K,   0% used [0x00000000aec70000, 0x00000000aec70000, 0x00000000b0570000)
  to   space 25600K,   0% used [0x00000000b0570000, 0x00000000b0570000, 0x00000000b1e70000)
 tenured generation   total 512768K, used 53740K [0x00000000c1800000, 0x00000000e0cc0000, 0x0000000100000000)
   the space 512768K,  10% used [0x00000000c1800000, 0x00000000c4c7b340, 0x00000000c4c7b400, 0x00000000e0cc0000)
 Metaspace       used 47915K, capacity 49080K, committed 49408K, reserved 1091584K
  class space    used 6585K, capacity 6790K, committed 6912K, reserved 1048576K
Event: 24625.797 GC heap after
Heap after GC invocations=214 (full 2):
 def new generation   total 230848K, used 0K [0x00000000a2400000, 0x00000000b1e70000, 0x00000000c1800000)
  eden space 205248K,   0% used [0x00000000a2400000, 0x00000000a2400000, 0x00000000aec70000)
  from space 25600K,   0% used [0x00000000b0570000, 0x00000000b0570000, 0x00000000b1e70000)
  to   space 25600K,   0% used [0x00000000aec70000, 0x00000000aec70000, 0x00000000b0570000)
 tenured generation   total 512768K, used 53740K [0x00000000c1800000, 0x00000000e0cc0000, 0x0000000100000000)
   the space 512768K,  10% used [0x00000000c1800000, 0x00000000c4c7b340, 0x00000000c4c7b400, 0x00000000e0cc0000)
 Metaspace       used 47915K, capacity 49080K, committed 49408K, reserved 1091584K
  class space    used 6585K, capacity 6790K, committed 6912K, reserved 1048576K
}
Event: 25091.858 GC heap before
{Heap before GC invocations=214 (full 2):
 def new generation   total 230848K, used 205248K [0x00000000a2400000, 0x00000000b1e70000, 0x00000000c1800000)
  eden space 205248K, 100% used [0x00000000a2400000, 0x00000000aec70000, 0x00000000aec70000)
  from space 25600K,   0% used [0x00000000b0570000, 0x00000000b0570000, 0x00000000b1e70000)
  to   space 25600K,   0% used [0x00000000aec70000, 0x00000000aec70000, 0x00000000b0570000)
 tenured generation   total 512768K, used 53740K [0x00000000c1800000, 0x00000000e0cc0000, 0x0000000100000000)
   the space 512768K,  10% used [0x00000000c1800000, 0x00000000c4c7b340, 0x00000000c4c7b400, 0x00000000e0cc0000)
 Metaspace       used 47915K, capacity 49080K, committed 49408K, reserved 1091584K
  class space    used 6585K, capacity 6790K, committed 6912K, reserved 1048576K
Event: 25091.861 GC heap after
Heap after GC invocations=215 (full 2):
 def new generation   total 230848K, used 0K [0x00000000a2400000, 0x00000000b1e70000, 0x00000000c1800000)
  eden space 205248K,   0% used [0x00000000a2400000, 0x00000000a2400000, 0x00000000aec70000)
  from space 25600K,   0% used [0x00000000aec70000, 0x00000000aec70000, 0x00000000b0570000)
  to   space 25600K,   0% used [0x00000000b0570000, 0x00000000b0570000, 0x00000000b1e70000)
 tenured generation   total 512768K, used 53740K [0x00000000c1800000, 0x00000000e0cc0000, 0x0000000100000000)
   the space 512768K,  10% used [0x00000000c1800000, 0x00000000c4c7b340, 0x00000000c4c7b400, 0x00000000e0cc0000)
 Metaspace       used 47915K, capacity 49080K, committed 49408K, reserved 1091584K
  class space    used 6585K, capacity 6790K, committed 6912K, reserved 1048576K
}

