# JRE version: Java(TM) SE Runtime Environment (8.0_05-b13) (build 1.8.0_05-b13)
# Java VM: Java HotSpot(TM) 64-Bit Server VM (25.5-b02 mixed mode linux-amd64 compressed oops)
Heap:
 PSYoungGen      total 101376K, used 2515K [0x00000000f5580000, 0x00000000fd600000, 0x0000000100000000)
  eden space 98816K, 2% used [0x00000000f5580000,0x00000000f57f4c70,0x00000000fb600000)
  from space 2560K, 0% used [0x00000000fb600000,0x00000000fb600000,0x00000000fb880000)
  to   space 16384K, 0% used [0x00000000fc600000,0x00000000fc600000,0x00000000fd600000)
 ParOldGen       total 61952K, used 44846K [0x00000000e0000000, 0x00000000e3c80000, 0x00000000f5580000)
  object space 61952K, 72% used [0x00000000e0000000,0x00000000e2bcb988,0x00000000e3c80000)
 Metaspace       used 92090K, capacity 99314K, committed 99712K, reserved 1134592K
  class space    used 11804K, capacity 13926K, committed 13952K, reserved 1048576K
GC Heap History (10 events):
Event: 570.269 GC heap before
{Heap before GC invocations=47 (full 11):
 PSYoungGen      total 99328K, used 224K [0x00000000f5580000, 0x00000000fd800000, 0x0000000100000000)
  eden space 98816K, 0% used [0x00000000f5580000,0x00000000f5580000,0x00000000fb600000)
  from space 512K, 43% used [0x00000000fb600000,0x00000000fb638000,0x00000000fb680000)
  to   space 17408K, 0% used [0x00000000fc700000,0x00000000fc700000,0x00000000fd800000)
 ParOldGen       total 61952K, used 46866K [0x00000000e0000000, 0x00000000e3c80000, 0x00000000f5580000)
  object space 61952K, 75% used [0x00000000e0000000,0x00000000e2dc4860,0x00000000e3c80000)
 Metaspace       used 91840K, capacity 98978K, committed 99200K, reserved 1134592K
  class space    used 11808K, capacity 13934K, committed 13952K, reserved 1048576K
Event: 570.575 GC heap after
Heap after GC invocations=47 (full 11):
 PSYoungGen      total 99328K, used 0K [0x00000000f5580000, 0x00000000fd800000, 0x0000000100000000)
  eden space 98816K, 0% used [0x00000000f5580000,0x00000000f5580000,0x00000000fb600000)
  from space 512K, 0% used [0x00000000fb600000,0x00000000fb600000,0x00000000fb680000)
  to   space 17408K, 0% used [0x00000000fc700000,0x00000000fc700000,0x00000000fd800000)
 ParOldGen       total 61952K, used 45614K [0x00000000e0000000, 0x00000000e3c80000, 0x00000000f5580000)
  object space 61952K, 73% used [0x00000000e0000000,0x00000000e2c8bb60,0x00000000e3c80000)
 Metaspace       used 91819K, capacity 98930K, committed 99200K, reserved 1134592K
  class space    used 11804K, capacity 13926K, committed 13952K, reserved 1048576K
}
Event: 630.267 GC heap before
{Heap before GC invocations=48 (full 11):
 PSYoungGen      total 99328K, used 8242K [0x00000000f5580000, 0x00000000fd800000, 0x0000000100000000)
  eden space 98816K, 8% used [0x00000000f5580000,0x00000000f5d8cb08,0x00000000fb600000)
  from space 512K, 0% used [0x00000000fb600000,0x00000000fb600000,0x00000000fb680000)
  to   space 17408K, 0% used [0x00000000fc700000,0x00000000fc700000,0x00000000fd800000)
 ParOldGen       total 61952K, used 45614K [0x00000000e0000000, 0x00000000e3c80000, 0x00000000f5580000)
  object space 61952K, 73% used [0x00000000e0000000,0x00000000e2c8bb60,0x00000000e3c80000)
 Metaspace       used 91875K, capacity 99058K, committed 99456K, reserved 1134592K
  class space    used 11804K, capacity 13926K, committed 13952K, reserved 1048576K
Event: 630.269 GC heap after
Heap after GC invocations=48 (full 11):
 PSYoungGen      total 116224K, used 416K [0x00000000f5580000, 0x00000000fd800000, 0x0000000100000000)
  eden space 98816K, 0% used [0x00000000f5580000,0x00000000f5580000,0x00000000fb600000)
  from space 17408K, 2% used [0x00000000fc700000,0x00000000fc768000,0x00000000fd800000)
  to   space 17408K, 0% used [0x00000000fb600000,0x00000000fb600000,0x00000000fc700000)
 ParOldGen       total 61952K, used 45614K [0x00000000e0000000, 0x00000000e3c80000, 0x00000000f5580000)
  object space 61952K, 73% used [0x00000000e0000000,0x00000000e2c8bb60,0x00000000e3c80000)
 Metaspace       used 91875K, capacity 99058K, committed 99456K, reserved 1134592K
  class space    used 11804K, capacity 13926K, committed 13952K, reserved 1048576K
}
Event: 630.269 GC heap before
{Heap before GC invocations=49 (full 12):
 PSYoungGen      total 116224K, used 416K [0x00000000f5580000, 0x00000000fd800000, 0x0000000100000000)
  eden space 98816K, 0% used [0x00000000f5580000,0x00000000f5580000,0x00000000fb600000)
  from space 17408K, 2% used [0x00000000fc700000,0x00000000fc768000,0x00000000fd800000)
  to   space 17408K, 0% used [0x00000000fb600000,0x00000000fb600000,0x00000000fc700000)
 ParOldGen       total 61952K, used 45614K [0x00000000e0000000, 0x00000000e3c80000, 0x00000000f5580000)
  object space 61952K, 73% used [0x00000000e0000000,0x00000000e2c8bb60,0x00000000e3c80000)
 Metaspace       used 91875K, capacity 99058K, committed 99456K, reserved 1134592K
  class space    used 11804K, capacity 13926K, committed 13952K, reserved 1048576K
Event: 630.469 GC heap after
Heap after GC invocations=49 (full 12):
 PSYoungGen      total 116224K, used 0K [0x00000000f5580000, 0x00000000fd800000, 0x0000000100000000)
  eden space 98816K, 0% used [0x00000000f5580000,0x00000000f5580000,0x00000000fb600000)
  from space 17408K, 0% used [0x00000000fc700000,0x00000000fc700000,0x00000000fd800000)
  to   space 17408K, 0% used [0x00000000fb600000,0x00000000fb600000,0x00000000fc700000)
 ParOldGen       total 61952K, used 44319K [0x00000000e0000000, 0x00000000e3c80000, 0x00000000f5580000)
  object space 61952K, 71% used [0x00000000e0000000,0x00000000e2b47c38,0x00000000e3c80000)
 Metaspace       used 91875K, capacity 99058K, committed 99456K, reserved 1134592K
  class space    used 11804K, capacity 13926K, committed 13952K, reserved 1048576K
}
Event: 690.268 GC heap before
{Heap before GC invocations=50 (full 12):
 PSYoungGen      total 116224K, used 53468K [0x00000000f5580000, 0x00000000fd800000, 0x0000000100000000)
  eden space 98816K, 54% used [0x00000000f5580000,0x00000000f89b7058,0x00000000fb600000)
  from space 17408K, 0% used [0x00000000fc700000,0x00000000fc700000,0x00000000fd800000)
  to   space 17408K, 0% used [0x00000000fb600000,0x00000000fb600000,0x00000000fc700000)
 ParOldGen       total 61952K, used 44319K [0x00000000e0000000, 0x00000000e3c80000, 0x00000000f5580000)
  object space 61952K, 71% used [0x00000000e0000000,0x00000000e2b47c38,0x00000000e3c80000)
 Metaspace       used 92090K, capacity 99314K, committed 99712K, reserved 1134592K
  class space    used 11804K, capacity 13926K, committed 13952K, reserved 1048576K
Event: 690.272 GC heap after
Heap after GC invocations=50 (full 12):
 PSYoungGen      total 101376K, used 2256K [0x00000000f5580000, 0x00000000fd600000, 0x0000000100000000)
  eden space 98816K, 0% used [0x00000000f5580000,0x00000000f5580000,0x00000000fb600000)
  from space 2560K, 88% used [0x00000000fb600000,0x00000000fb834010,0x00000000fb880000)
  to   space 16384K, 0% used [0x00000000fc600000,0x00000000fc600000,0x00000000fd600000)
 ParOldGen       total 61952K, used 44327K [0x00000000e0000000, 0x00000000e3c80000, 0x00000000f5580000)
  object space 61952K, 71% used [0x00000000e0000000,0x00000000e2b49c38,0x00000000e3c80000)
 Metaspace       used 92090K, capacity 99314K, committed 99712K, reserved 1134592K
  class space    used 11804K, capacity 13926K, committed 13952K, reserved 1048576K
}
Event: 690.272 GC heap before
{Heap before GC invocations=51 (full 13):
 PSYoungGen      total 101376K, used 2256K [0x00000000f5580000, 0x00000000fd600000, 0x0000000100000000)
  eden space 98816K, 0% used [0x00000000f5580000,0x00000000f5580000,0x00000000fb600000)
  from space 2560K, 88% used [0x00000000fb600000,0x00000000fb834010,0x00000000fb880000)
  to   space 16384K, 0% used [0x00000000fc600000,0x00000000fc600000,0x00000000fd600000)
 ParOldGen       total 61952K, used 44327K [0x00000000e0000000, 0x00000000e3c80000, 0x00000000f5580000)
  object space 61952K, 71% used [0x00000000e0000000,0x00000000e2b49c38,0x00000000e3c80000)
 Metaspace       used 92090K, capacity 99314K, committed 99712K, reserved 1134592K
  class space    used 11804K, capacity 13926K, committed 13952K, reserved 1048576K
Event: 690.442 GC heap after
Heap after GC invocations=51 (full 13):
 PSYoungGen      total 101376K, used 0K [0x00000000f5580000, 0x00000000fd600000, 0x0000000100000000)
  eden space 98816K, 0% used [0x00000000f5580000,0x00000000f5580000,0x00000000fb600000)
  from space 2560K, 0% used [0x00000000fb600000,0x00000000fb600000,0x00000000fb880000)
  to   space 16384K, 0% used [0x00000000fc600000,0x00000000fc600000,0x00000000fd600000)
 ParOldGen       total 61952K, used 44846K [0x00000000e0000000, 0x00000000e3c80000, 0x00000000f5580000)
  object space 61952K, 72% used [0x00000000e0000000,0x00000000e2bcb988,0x00000000e3c80000)
 Metaspace       used 92090K, capacity 99314K, committed 99712K, reserved 1134592K
  class space    used 11804K, capacity 13926K, committed 13952K, reserved 1048576K
}

