# JRE version: Java(TM) SE Runtime Environment (8.0_05-b13) (build 1.8.0_05-b13)
# Java VM: Java HotSpot(TM) 64-Bit Server VM (25.5-b02 mixed mode linux-amd64 compressed oops)
Heap:
 PSYoungGen      total 100864K, used 11474K [0x00000000f5580000, 0x00000000fc780000, 0x0000000100000000)
  eden space 84992K, 13% used [0x00000000f5580000,0x00000000f60b4bb8,0x00000000fa880000)
  from space 15872K, 0% used [0x00000000fa880000,0x00000000fa880000,0x00000000fb800000)
  to   space 15872K, 0% used [0x00000000fb800000,0x00000000fb800000,0x00000000fc780000)
 ParOldGen       total 66048K, used 57671K [0x00000000e0000000, 0x00000000e4080000, 0x00000000f5580000)
  object space 66048K, 87% used [0x00000000e0000000,0x00000000e3851d40,0x00000000e4080000)
 Metaspace       used 95553K, capacity 102858K, committed 103168K, reserved 1138688K
  class space    used 12009K, capacity 14309K, committed 14336K, reserved 1048576K
GC Heap History (10 events):
Event: 1133.842 GC heap before
{Heap before GC invocations=73 (full 20):
 PSYoungGen      total 101888K, used 84480K [0x00000000f5580000, 0x00000000fca00000, 0x0000000100000000)
  eden space 84480K, 100% used [0x00000000f5580000,0x00000000fa800000,0x00000000fa800000)
  from space 17408K, 0% used [0x00000000fb900000,0x00000000fb900000,0x00000000fca00000)
  to   space 17408K, 0% used [0x00000000fa800000,0x00000000fa800000,0x00000000fb900000)
 ParOldGen       total 66048K, used 57809K [0x00000000e0000000, 0x00000000e4080000, 0x00000000f5580000)
  object space 66048K, 87% used [0x00000000e0000000,0x00000000e38747d0,0x00000000e4080000)
 Metaspace       used 95439K, capacity 102788K, committed 103168K, reserved 1138688K
  class space    used 12005K, capacity 14308K, committed 14336K, reserved 1048576K
Event: 1133.846 GC heap after
Heap after GC invocations=73 (full 20):
 PSYoungGen      total 101888K, used 1632K [0x00000000f5580000, 0x00000000fc980000, 0x0000000100000000)
  eden space 84480K, 0% used [0x00000000f5580000,0x00000000f5580000,0x00000000fa800000)
  from space 17408K, 9% used [0x00000000fa800000,0x00000000fa998000,0x00000000fb900000)
  to   space 16896K, 0% used [0x00000000fb900000,0x00000000fb900000,0x00000000fc980000)
 ParOldGen       total 66048K, used 57817K [0x00000000e0000000, 0x00000000e4080000, 0x00000000f5580000)
  object space 66048K, 87% used [0x00000000e0000000,0x00000000e38767d0,0x00000000e4080000)
 Metaspace       used 95439K, capacity 102788K, committed 103168K, reserved 1138688K
  class space    used 12005K, capacity 14308K, committed 14336K, reserved 1048576K
}
Event: 1143.906 GC heap before
{Heap before GC invocations=74 (full 20):
 PSYoungGen      total 101888K, used 33224K [0x00000000f5580000, 0x00000000fc980000, 0x0000000100000000)
  eden space 84480K, 37% used [0x00000000f5580000,0x00000000f745a120,0x00000000fa800000)
  from space 17408K, 9% used [0x00000000fa800000,0x00000000fa998000,0x00000000fb900000)
  to   space 16896K, 0% used [0x00000000fb900000,0x00000000fb900000,0x00000000fc980000)
 ParOldGen       total 66048K, used 57817K [0x00000000e0000000, 0x00000000e4080000, 0x00000000f5580000)
  object space 66048K, 87% used [0x00000000e0000000,0x00000000e38767d0,0x00000000e4080000)
 Metaspace       used 95495K, capacity 102852K, committed 103168K, reserved 1138688K
  class space    used 12005K, capacity 14308K, committed 14336K, reserved 1048576K
Event: 1143.909 GC heap after
Heap after GC invocations=74 (full 20):
 PSYoungGen      total 99840K, used 1969K [0x00000000f5580000, 0x00000000fc780000, 0x0000000100000000)
  eden space 84992K, 0% used [0x00000000f5580000,0x00000000f5580000,0x00000000fa880000)
  from space 14848K, 13% used [0x00000000fb900000,0x00000000fbaec6a8,0x00000000fc780000)
  to   space 15872K, 0% used [0x00000000fa880000,0x00000000fa880000,0x00000000fb800000)
 ParOldGen       total 66048K, used 57825K [0x00000000e0000000, 0x00000000e4080000, 0x00000000f5580000)
  object space 66048K, 87% used [0x00000000e0000000,0x00000000e38787d0,0x00000000e4080000)
 Metaspace       used 95495K, capacity 102852K, committed 103168K, reserved 1138688K
  class space    used 12005K, capacity 14308K, committed 14336K, reserved 1048576K
}
Event: 1143.909 GC heap before
{Heap before GC invocations=75 (full 21):
 PSYoungGen      total 99840K, used 1969K [0x00000000f5580000, 0x00000000fc780000, 0x0000000100000000)
  eden space 84992K, 0% used [0x00000000f5580000,0x00000000f5580000,0x00000000fa880000)
  from space 14848K, 13% used [0x00000000fb900000,0x00000000fbaec6a8,0x00000000fc780000)
  to   space 15872K, 0% used [0x00000000fa880000,0x00000000fa880000,0x00000000fb800000)
 ParOldGen       total 66048K, used 57825K [0x00000000e0000000, 0x00000000e4080000, 0x00000000f5580000)
  object space 66048K, 87% used [0x00000000e0000000,0x00000000e38787d0,0x00000000e4080000)
 Metaspace       used 95495K, capacity 102852K, committed 103168K, reserved 1138688K
  class space    used 12005K, capacity 14308K, committed 14336K, reserved 1048576K
Event: 1144.137 GC heap after
Heap after GC invocations=75 (full 21):
 PSYoungGen      total 99840K, used 0K [0x00000000f5580000, 0x00000000fc780000, 0x0000000100000000)
  eden space 84992K, 0% used [0x00000000f5580000,0x00000000f5580000,0x00000000fa880000)
  from space 14848K, 0% used [0x00000000fb900000,0x00000000fb900000,0x00000000fc780000)
  to   space 15872K, 0% used [0x00000000fa880000,0x00000000fa880000,0x00000000fb800000)
 ParOldGen       total 66048K, used 57756K [0x00000000e0000000, 0x00000000e4080000, 0x00000000f5580000)
  object space 66048K, 87% used [0x00000000e0000000,0x00000000e3867338,0x00000000e4080000)
 Metaspace       used 95495K, capacity 102852K, committed 103168K, reserved 1138688K
  class space    used 12005K, capacity 14308K, committed 14336K, reserved 1048576K
}
Event: 1203.907 GC heap before
{Heap before GC invocations=76 (full 21):
 PSYoungGen      total 99840K, used 16891K [0x00000000f5580000, 0x00000000fc780000, 0x0000000100000000)
  eden space 84992K, 19% used [0x00000000f5580000,0x00000000f65fec28,0x00000000fa880000)
  from space 14848K, 0% used [0x00000000fb900000,0x00000000fb900000,0x00000000fc780000)
  to   space 15872K, 0% used [0x00000000fa880000,0x00000000fa880000,0x00000000fb800000)
 ParOldGen       total 66048K, used 57756K [0x00000000e0000000, 0x00000000e4080000, 0x00000000f5580000)
  object space 66048K, 87% used [0x00000000e0000000,0x00000000e3867338,0x00000000e4080000)
 Metaspace       used 95527K, capacity 102852K, committed 103168K, reserved 1138688K
  class space    used 12008K, capacity 14308K, committed 14336K, reserved 1048576K
Event: 1203.910 GC heap after
Heap after GC invocations=76 (full 21):
 PSYoungGen      total 100864K, used 444K [0x00000000f5580000, 0x00000000fc780000, 0x0000000100000000)
  eden space 84992K, 0% used [0x00000000f5580000,0x00000000f5580000,0x00000000fa880000)
  from space 15872K, 2% used [0x00000000fa880000,0x00000000fa8ef318,0x00000000fb800000)
  to   space 15872K, 0% used [0x00000000fb800000,0x00000000fb800000,0x00000000fc780000)
 ParOldGen       total 66048K, used 57764K [0x00000000e0000000, 0x00000000e4080000, 0x00000000f5580000)
  object space 66048K, 87% used [0x00000000e0000000,0x00000000e3869338,0x00000000e4080000)
 Metaspace       used 95527K, capacity 102852K, committed 103168K, reserved 1138688K
  class space    used 12008K, capacity 14308K, committed 14336K, reserved 1048576K
}
Event: 1203.910 GC heap before
{Heap before GC invocations=77 (full 22):
 PSYoungGen      total 100864K, used 444K [0x00000000f5580000, 0x00000000fc780000, 0x0000000100000000)
  eden space 84992K, 0% used [0x00000000f5580000,0x00000000f5580000,0x00000000fa880000)
  from space 15872K, 2% used [0x00000000fa880000,0x00000000fa8ef318,0x00000000fb800000)
  to   space 15872K, 0% used [0x00000000fb800000,0x00000000fb800000,0x00000000fc780000)
 ParOldGen       total 66048K, used 57764K [0x00000000e0000000, 0x00000000e4080000, 0x00000000f5580000)
  object space 66048K, 87% used [0x00000000e0000000,0x00000000e3869338,0x00000000e4080000)
 Metaspace       used 95527K, capacity 102852K, committed 103168K, reserved 1138688K
  class space    used 12008K, capacity 14308K, committed 14336K, reserved 1048576K
Event: 1204.093 GC heap after
Heap after GC invocations=77 (full 22):
 PSYoungGen      total 100864K, used 0K [0x00000000f5580000, 0x00000000fc780000, 0x0000000100000000)
  eden space 84992K, 0% used [0x00000000f5580000,0x00000000f5580000,0x00000000fa880000)
  from space 15872K, 0% used [0x00000000fa880000,0x00000000fa880000,0x00000000fb800000)
  to   space 15872K, 0% used [0x00000000fb800000,0x00000000fb800000,0x00000000fc780000)
 ParOldGen       total 66048K, used 57671K [0x00000000e0000000, 0x00000000e4080000, 0x00000000f5580000)
  object space 66048K, 87% used [0x00000000e0000000,0x00000000e3851d40,0x00000000e4080000)
 Metaspace       used 95527K, capacity 102852K, committed 103168K, reserved 1138688K
  class space    used 12008K, capacity 14308K, committed 14336K, reserved 1048576K
}

