# JRE version: Java(TM) SE Runtime Environment (8.0_05-b13) (build 1.8.0_05-b13)
# Java VM: Java HotSpot(TM) 64-Bit Server VM (25.5-b02 mixed mode linux-amd64 compressed oops)
Heap:
 PSYoungGen      total 92672K, used 3169K [0x00000000f5580000, 0x00000000fb580000, 0x0000000100000000)
  eden space 92160K, 3% used [0x00000000f5580000,0x00000000f58985e8,0x00000000faf80000)
  from space 512K, 0% used [0x00000000faf80000,0x00000000faf80000,0x00000000fb000000)
  to   space 3072K, 0% used [0x00000000fb280000,0x00000000fb280000,0x00000000fb580000)
 ParOldGen       total 59904K, used 44806K [0x00000000e0000000, 0x00000000e3a80000, 0x00000000f5580000)
  object space 59904K, 74% used [0x00000000e0000000,0x00000000e2bc1838,0x00000000e3a80000)
 Metaspace       used 91312K, capacity 98598K, committed 98944K, reserved 1134592K
  class space    used 11703K, capacity 13822K, committed 13952K, reserved 1048576K
GC Heap History (10 events):
Event: 8893.855 GC heap before
{Heap before GC invocations=329 (full 152):
 PSYoungGen      total 90624K, used 1360K [0x00000000f5580000, 0x00000000fb680000, 0x0000000100000000)
  eden space 87040K, 0% used [0x00000000f5580000,0x00000000f5580000,0x00000000faa80000)
  from space 3584K, 37% used [0x00000000faa80000,0x00000000fabd4030,0x00000000fae00000)
  to   space 3584K, 0% used [0x00000000fb300000,0x00000000fb300000,0x00000000fb680000)
 ParOldGen       total 59904K, used 44865K [0x00000000e0000000, 0x00000000e3a80000, 0x00000000f5580000)
  object space 59904K, 74% used [0x00000000e0000000,0x00000000e2bd04e8,0x00000000e3a80000)
 Metaspace       used 91293K, capacity 98598K, committed 98944K, reserved 1134592K
  class space    used 11703K, capacity 13822K, committed 13952K, reserved 1048576K
Event: 8894.039 GC heap after
Heap after GC invocations=329 (full 152):
 PSYoungGen      total 90624K, used 0K [0x00000000f5580000, 0x00000000fb680000, 0x0000000100000000)
  eden space 87040K, 0% used [0x00000000f5580000,0x00000000f5580000,0x00000000faa80000)
  from space 3584K, 0% used [0x00000000faa80000,0x00000000faa80000,0x00000000fae00000)
  to   space 3584K, 0% used [0x00000000fb300000,0x00000000fb300000,0x00000000fb680000)
 ParOldGen       total 59904K, used 45008K [0x00000000e0000000, 0x00000000e3a80000, 0x00000000f5580000)
  object space 59904K, 75% used [0x00000000e0000000,0x00000000e2bf43d8,0x00000000e3a80000)
 Metaspace       used 91293K, capacity 98598K, committed 98944K, reserved 1134592K
  class space    used 11703K, capacity 13822K, committed 13952K, reserved 1048576K
}
Event: 8953.852 GC heap before
{Heap before GC invocations=330 (full 152):
 PSYoungGen      total 90624K, used 2587K [0x00000000f5580000, 0x00000000fb680000, 0x0000000100000000)
  eden space 87040K, 2% used [0x00000000f5580000,0x00000000f5806f48,0x00000000faa80000)
  from space 3584K, 0% used [0x00000000faa80000,0x00000000faa80000,0x00000000fae00000)
  to   space 3584K, 0% used [0x00000000fb300000,0x00000000fb300000,0x00000000fb680000)
 ParOldGen       total 59904K, used 45008K [0x00000000e0000000, 0x00000000e3a80000, 0x00000000f5580000)
  object space 59904K, 75% used [0x00000000e0000000,0x00000000e2bf43d8,0x00000000e3a80000)
 Metaspace       used 91293K, capacity 98598K, committed 98944K, reserved 1134592K
  class space    used 11703K, capacity 13822K, committed 13952K, reserved 1048576K
Event: 8953.854 GC heap after
Heap after GC invocations=330 (full 152):
 PSYoungGen      total 95744K, used 192K [0x00000000f5580000, 0x00000000fb680000, 0x0000000100000000)
  eden space 92160K, 0% used [0x00000000f5580000,0x00000000f5580000,0x00000000faf80000)
  from space 3584K, 5% used [0x00000000fb300000,0x00000000fb330000,0x00000000fb680000)
  to   space 3584K, 0% used [0x00000000faf80000,0x00000000faf80000,0x00000000fb300000)
 ParOldGen       total 59904K, used 45008K [0x00000000e0000000, 0x00000000e3a80000, 0x00000000f5580000)
  object space 59904K, 75% used [0x00000000e0000000,0x00000000e2bf43d8,0x00000000e3a80000)
 Metaspace       used 91293K, capacity 98598K, committed 98944K, reserved 1134592K
  class space    used 11703K, capacity 13822K, committed 13952K, reserved 1048576K
}
Event: 8953.854 GC heap before
{Heap before GC invocations=331 (full 153):
 PSYoungGen      total 95744K, used 192K [0x00000000f5580000, 0x00000000fb680000, 0x0000000100000000)
  eden space 92160K, 0% used [0x00000000f5580000,0x00000000f5580000,0x00000000faf80000)
  from space 3584K, 5% used [0x00000000fb300000,0x00000000fb330000,0x00000000fb680000)
  to   space 3584K, 0% used [0x00000000faf80000,0x00000000faf80000,0x00000000fb300000)
 ParOldGen       total 59904K, used 45008K [0x00000000e0000000, 0x00000000e3a80000, 0x00000000f5580000)
  object space 59904K, 75% used [0x00000000e0000000,0x00000000e2bf43d8,0x00000000e3a80000)
 Metaspace       used 91293K, capacity 98598K, committed 98944K, reserved 1134592K
  class space    used 11703K, capacity 13822K, committed 13952K, reserved 1048576K
Event: 8954.040 GC heap after
Heap after GC invocations=331 (full 153):
 PSYoungGen      total 95744K, used 0K [0x00000000f5580000, 0x00000000fb680000, 0x0000000100000000)
  eden space 92160K, 0% used [0x00000000f5580000,0x00000000f5580000,0x00000000faf80000)
  from space 3584K, 0% used [0x00000000fb300000,0x00000000fb300000,0x00000000fb680000)
  to   space 3584K, 0% used [0x00000000faf80000,0x00000000faf80000,0x00000000fb300000)
 ParOldGen       total 59904K, used 44694K [0x00000000e0000000, 0x00000000e3a80000, 0x00000000f5580000)
  object space 59904K, 74% used [0x00000000e0000000,0x00000000e2ba5918,0x00000000e3a80000)
 Metaspace       used 91293K, capacity 98598K, committed 98944K, reserved 1134592K
  class space    used 11703K, capacity 13822K, committed 13952K, reserved 1048576K
}
Event: 9013.852 GC heap before
{Heap before GC invocations=332 (full 153):
 PSYoungGen      total 95744K, used 7143K [0x00000000f5580000, 0x00000000fb680000, 0x0000000100000000)
  eden space 92160K, 7% used [0x00000000f5580000,0x00000000f5c79c28,0x00000000faf80000)
  from space 3584K, 0% used [0x00000000fb300000,0x00000000fb300000,0x00000000fb680000)
  to   space 3584K, 0% used [0x00000000faf80000,0x00000000faf80000,0x00000000fb300000)
 ParOldGen       total 59904K, used 44694K [0x00000000e0000000, 0x00000000e3a80000, 0x00000000f5580000)
  object space 59904K, 74% used [0x00000000e0000000,0x00000000e2ba5918,0x00000000e3a80000)
 Metaspace       used 91306K, capacity 98598K, committed 98944K, reserved 1134592K
  class space    used 11703K, capacity 13822K, committed 13952K, reserved 1048576K
Event: 9013.856 GC heap after
Heap after GC invocations=332 (full 153):
 PSYoungGen      total 92672K, used 512K [0x00000000f5580000, 0x00000000fb580000, 0x0000000100000000)
  eden space 92160K, 0% used [0x00000000f5580000,0x00000000f5580000,0x00000000faf80000)
  from space 512K, 100% used [0x00000000faf80000,0x00000000fb000000,0x00000000fb000000)
  to   space 3072K, 0% used [0x00000000fb280000,0x00000000fb280000,0x00000000fb580000)
 ParOldGen       total 59904K, used 44702K [0x00000000e0000000, 0x00000000e3a80000, 0x00000000f5580000)
  object space 59904K, 74% used [0x00000000e0000000,0x00000000e2ba7918,0x00000000e3a80000)
 Metaspace       used 91306K, capacity 98598K, committed 98944K, reserved 1134592K
  class space    used 11703K, capacity 13822K, committed 13952K, reserved 1048576K
}
Event: 9013.856 GC heap before
{Heap before GC invocations=333 (full 154):
 PSYoungGen      total 92672K, used 512K [0x00000000f5580000, 0x00000000fb580000, 0x0000000100000000)
  eden space 92160K, 0% used [0x00000000f5580000,0x00000000f5580000,0x00000000faf80000)
  from space 512K, 100% used [0x00000000faf80000,0x00000000fb000000,0x00000000fb000000)
  to   space 3072K, 0% used [0x00000000fb280000,0x00000000fb280000,0x00000000fb580000)
 ParOldGen       total 59904K, used 44702K [0x00000000e0000000, 0x00000000e3a80000, 0x00000000f5580000)
  object space 59904K, 74% used [0x00000000e0000000,0x00000000e2ba7918,0x00000000e3a80000)
 Metaspace       used 91306K, capacity 98598K, committed 98944K, reserved 1134592K
  class space    used 11703K, capacity 13822K, committed 13952K, reserved 1048576K
Event: 9013.964 GC heap after
Heap after GC invocations=333 (full 154):
 PSYoungGen      total 92672K, used 0K [0x00000000f5580000, 0x00000000fb580000, 0x0000000100000000)
  eden space 92160K, 0% used [0x00000000f5580000,0x00000000f5580000,0x00000000faf80000)
  from space 512K, 0% used [0x00000000faf80000,0x00000000faf80000,0x00000000fb000000)
  to   space 3072K, 0% used [0x00000000fb280000,0x00000000fb280000,0x00000000fb580000)
 ParOldGen       total 59904K, used 44806K [0x00000000e0000000, 0x00000000e3a80000, 0x00000000f5580000)
  object space 59904K, 74% used [0x00000000e0000000,0x00000000e2bc1838,0x00000000e3a80000)
 Metaspace       used 91306K, capacity 98598K, committed 98944K, reserved 1134592K
  class space    used 11703K, capacity 13822K, committed 13952K, reserved 1048576K
}

